2023-01-07 17:40:50.665 | __main__:main:44 | INFO | /home/shadowkin/spvnasv1/bin/python train.py configs/semantic_kitti/spvcnn/cr0p5.yaml --distributed False
2023-01-07 17:40:50.666 | __main__:main:45 | INFO | Experiment started: "runs/run-ca762409-3767059a".
workers_per_gpu: 8
distributed: False
amp_enabled: True
data:
  num_classes: 2
  ignore_label: 255
  training_size: 18238
train:
  seed: 1588147245
  deterministic: False
dataset:
  name: semantic_kitti
  root: dataset/semantic-kitti
  num_points: 80000
  voxel_size: 0.05
num_epochs: 15
batch_size: 16
criterion:
  name: cross_entropy
  ignore_index: 255
optimizer:
  name: sgd
  lr: 0.24
  weight_decay: 0.0001
  momentum: 0.9
  nesterov: True
scheduler:
  name: cosine_warmup
model:
  name: spvcnn
  cr: 0.5
2023-01-07 17:40:51.602 | torchpack.train.trainer:train:70 | INFO | Epoch 1/15 started.
